From https://github.com/Lamine-art-png/lamine.github.io
 * branch              main       -> FETCH_HEAD
 * branch              feature/field-intelligence-launch -> FETCH_HEAD
 * branch              integration/field-intelligence-resolved-v2 -> FETCH_HEAD
FEATURE_BEFORE=02f5a424ae09aefa9c0baaa23771e3c329dd34eb
MAIN_HEAD=9d63c403118e21fa5f9fa46929f0862634a06646
Auto-merging .github/workflows/ci.yml
CONFLICT (content): Merge conflict in .github/workflows/ci.yml
Auto-merging .github/workflows/hardening-backend-reusable.yml
CONFLICT (content): Merge conflict in .github/workflows/hardening-backend-reusable.yml
Auto-merging .gitignore
Auto-merging agroai_api/.env.example
Auto-merging agroai_api/app/core/config.py
Auto-merging agroai_api/app/db/schema_contract.py
CONFLICT (content): Merge conflict in agroai_api/app/db/schema_contract.py
Auto-merging agroai_api/app/main.py
Auto-merging agroai_api/app/models/__init__.py
Auto-merging agroai_api/app/services/production_readiness.py
Auto-merging agroai_api/tests/unit/test_alembic_revision_contract.py
CONFLICT (content): Merge conflict in agroai_api/tests/unit/test_alembic_revision_contract.py
Auto-merging agroai_api/tests/unit/test_schema_adoption_contract.py
CONFLICT (content): Merge conflict in agroai_api/tests/unit/test_schema_adoption_contract.py
Auto-merging docs/DEPLOYMENT_TRUTH_MAP.md
CONFLICT (content): Merge conflict in docs/DEPLOYMENT_TRUTH_MAP.md
Auto-merging docs/platform-api-operations-runbook.md
CONFLICT (content): Merge conflict in docs/platform-api-operations-runbook.md
Auto-merging figma-enterprise-v4/src/app/api/client.ts
Auto-merging figma-enterprise-v4/src/app/components/MainLayout.tsx
Automatic merge failed; fix conflicts and then commit the result.
MERGE_EXIT=1
CONFLICTS:
.github/workflows/ci.yml
.github/workflows/hardening-backend-reusable.yml
agroai_api/app/db/schema_contract.py
agroai_api/tests/unit/test_alembic_revision_contract.py
agroai_api/tests/unit/test_schema_adoption_contract.py
docs/DEPLOYMENT_TRUTH_MAP.md
docs/platform-api-operations-runbook.md
============================= test session starts ==============================
platform linux -- Python 3.12.3, pytest-9.1.1, pluggy-1.6.0
rootdir: /home/runner/work/lamine.github.io/lamine.github.io/agroai_api
configfile: pytest.ini
collected 68 items

tests/unit/test_alembic_revision_contract.py ..                          [  2%]
tests/unit/test_schema_adoption_contract.py ...                          [  7%]
tests/unit/test_field_intelligence_launch.py ........................... [ 47%]
.....                                                                    [ 54%]
tests/unit/test_field_intelligence_staging_contract.py ................  [ 77%]
tests/unit/test_production_readiness.py ...............                  [100%]

=============================== warnings summary ===============================
../../../../.local/lib/python3.12/site-packages/pydantic/_internal/_config.py:271
../../../../.local/lib/python3.12/site-packages/pydantic/_internal/_config.py:271
../../../../.local/lib/python3.12/site-packages/pydantic/_internal/_config.py:271
../../../../.local/lib/python3.12/site-packages/pydantic/_internal/_config.py:271
../../../../.local/lib/python3.12/site-packages/pydantic/_internal/_config.py:271
../../../../.local/lib/python3.12/site-packages/pydantic/_internal/_config.py:271
  /home/runner/.local/lib/python3.12/site-packages/pydantic/_internal/_config.py:271: PydanticDeprecatedSince20: Support for class-based `config` is deprecated, use ConfigDict instead. Deprecated in Pydantic V2.0 to be removed in V3.0. See Pydantic V2 Migration Guide at https://errors.pydantic.dev/2.5/migration/
    warnings.warn(DEPRECATION_MESSAGE, DeprecationWarning)

../../../../../../usr/lib/python3/dist-packages/passlib/utils/__init__.py:854
  /usr/lib/python3/dist-packages/passlib/utils/__init__.py:854: DeprecationWarning: 'crypt' is deprecated and slated for removal in Python 3.13
    from crypt import crypt as _crypt

../../../../.local/lib/python3.12/site-packages/pydantic/_internal/_fields.py:149
  /home/runner/.local/lib/python3.12/site-packages/pydantic/_internal/_fields.py:149: UserWarning: Field "model_status" has conflict with protected namespace "model_".
  
  You may be able to resolve this warning by setting `model_config['protected_namespaces'] = ()`.
    warnings.warn(

app/api/v1/non_customer_access.py:59
  /home/runner/work/lamine.github.io/lamine.github.io/agroai_api/app/api/v1/non_customer_access.py:59: DeprecationWarning: 
          on_event is deprecated, use lifespan event handlers instead.
  
          Read more about it in the
          [FastAPI docs for Lifespan Events](https://fastapi.tiangolo.com/advanced/events/).
          
    @router.on_event("startup")

tests/unit/test_field_intelligence_launch.py: 11 warnings
  /home/runner/work/lamine.github.io/lamine.github.io/agroai_api/tests/unit/test_field_intelligence.py:65: DeprecationWarning: datetime.datetime.utcnow() is deprecated and scheduled for removal in a future version. Use timezone-aware objects to represent datetimes in UTC: datetime.datetime.now(datetime.UTC).
    email_verification_status="verified", email_verified_at=datetime.utcnow(),

tests/unit/test_field_intelligence_launch.py: 159 warnings
  /home/runner/.local/lib/python3.12/site-packages/sqlalchemy/sql/schema.py:3593: DeprecationWarning: datetime.datetime.utcnow() is deprecated and scheduled for removal in a future version. Use timezone-aware objects to represent datetimes in UTC: datetime.datetime.now(datetime.UTC).
    return util.wrap_callable(lambda ctx: fn(), fn)  # type: ignore

tests/unit/test_field_intelligence_launch.py: 11 warnings
  /home/runner/work/lamine.github.io/lamine.github.io/agroai_api/app/core/security.py:23: DeprecationWarning: datetime.datetime.utcnow() is deprecated and scheduled for removal in a future version. Use timezone-aware objects to represent datetimes in UTC: datetime.datetime.now(datetime.UTC).
    issued_at = datetime.utcnow()

tests/unit/test_field_intelligence_launch.py: 31 warnings
  /home/runner/work/lamine.github.io/lamine.github.io/agroai_api/app/main.py:257: DeprecationWarning: datetime.datetime.utcnow() is deprecated and scheduled for removal in a future version. Use timezone-aware objects to represent datetimes in UTC: datetime.datetime.now(datetime.UTC).
    started = datetime.datetime.utcnow()

tests/unit/test_field_intelligence_launch.py: 31 warnings
  /home/runner/.local/lib/python3.12/site-packages/jose/jwt.py:311: DeprecationWarning: datetime.datetime.utcnow() is deprecated and scheduled for removal in a future version. Use timezone-aware objects to represent datetimes in UTC: datetime.datetime.now(datetime.UTC).
    now = timegm(datetime.utcnow().utctimetuple())

tests/unit/test_field_intelligence_launch.py: 27 warnings
  /home/runner/work/lamine.github.io/lamine.github.io/agroai_api/app/services/commercial_control.py:415: DeprecationWarning: datetime.datetime.utcnow() is deprecated and scheduled for removal in a future version. Use timezone-aware objects to represent datetimes in UTC: datetime.datetime.now(datetime.UTC).
    now = at_time or datetime.utcnow()

tests/unit/test_field_intelligence_launch.py::test_kill_switch_blocks_immediately_and_is_audited
tests/unit/test_field_intelligence_launch.py::test_kill_switch_blocks_immediately_and_is_audited
tests/unit/test_field_intelligence_launch.py::test_kill_switch_pauses_processing_but_not_deletion
tests/unit/test_field_intelligence_launch.py::test_release_override_is_audited_and_wins_over_config
tests/unit/test_field_intelligence_launch.py::test_release_override_is_audited_and_wins_over_config
tests/unit/test_field_intelligence_launch.py::test_admin_surface_requires_platform_admin
tests/unit/test_field_intelligence_launch.py::test_admin_surface_requires_platform_admin
  /home/runner/work/lamine.github.io/lamine.github.io/agroai_api/app/services/field_intelligence_rollout.py:171: DeprecationWarning: datetime.datetime.utcnow() is deprecated and scheduled for removal in a future version. Use timezone-aware objects to represent datetimes in UTC: datetime.datetime.now(datetime.UTC).
    created_at=datetime.utcnow(),

tests/unit/test_field_intelligence_launch.py::test_kill_switch_blocks_immediately_and_is_audited
tests/unit/test_field_intelligence_launch.py::test_admin_surface_requires_platform_admin
  /home/runner/work/lamine.github.io/lamine.github.io/agroai_api/app/services/field_intelligence_rollout.py:186: DeprecationWarning: datetime.datetime.utcnow() is deprecated and scheduled for removal in a future version. Use timezone-aware objects to represent datetimes in UTC: datetime.datetime.now(datetime.UTC).
    row.updated_at = datetime.utcnow()

tests/unit/test_field_intelligence_launch.py::test_kill_switch_pauses_processing_but_not_deletion
tests/unit/test_field_intelligence_launch.py::test_worker_drain_records_heartbeat
tests/unit/test_field_intelligence_launch.py::test_correlation_reports_expanded_context
tests/unit/test_field_intelligence_launch.py::test_correlation_reports_expanded_context
tests/unit/test_field_intelligence_launch.py::test_pipeline_honors_model_extraction_entitlement
tests/unit/test_field_intelligence_launch.py::test_pipeline_honors_model_extraction_entitlement
  /home/runner/work/lamine.github.io/lamine.github.io/agroai_api/app/services/field_intelligence.py:1795: DeprecationWarning: datetime.datetime.utcnow() is deprecated and scheduled for removal in a future version. Use timezone-aware objects to represent datetimes in UTC: datetime.datetime.now(datetime.UTC).
    now = datetime.utcnow()

tests/unit/test_field_intelligence_launch.py::test_kill_switch_pauses_processing_but_not_deletion
tests/unit/test_field_intelligence_launch.py::test_worker_drain_records_heartbeat
tests/unit/test_field_intelligence_launch.py::test_correlation_reports_expanded_context
tests/unit/test_field_intelligence_launch.py::test_correlation_reports_expanded_context
tests/unit/test_field_intelligence_launch.py::test_pipeline_honors_model_extraction_entitlement
tests/unit/test_field_intelligence_launch.py::test_pipeline_honors_model_extraction_entitlement
  /home/runner/work/lamine.github.io/lamine.github.io/agroai_api/app/services/field_intelligence.py:1447: DeprecationWarning: datetime.datetime.utcnow() is deprecated and scheduled for removal in a future version. Use timezone-aware objects to represent datetimes in UTC: datetime.datetime.now(datetime.UTC).
    now = datetime.utcnow()

tests/unit/test_field_intelligence_launch.py::test_kill_switch_pauses_processing_but_not_deletion
tests/unit/test_field_intelligence_launch.py::test_worker_heartbeat_and_queue_health
tests/unit/test_field_intelligence_launch.py::test_worker_drain_records_heartbeat
  /home/runner/work/lamine.github.io/lamine.github.io/agroai_api/app/services/field_intelligence_worker.py:41: DeprecationWarning: datetime.datetime.utcnow() is deprecated and scheduled for removal in a future version. Use timezone-aware objects to represent datetimes in UTC: datetime.datetime.now(datetime.UTC).
    now = datetime.utcnow()

tests/unit/test_field_intelligence_launch.py::test_kill_switch_pauses_processing_but_not_deletion
tests/unit/test_field_intelligence_launch.py::test_admin_surface_requires_platform_admin
tests/unit/test_field_intelligence_launch.py::test_worker_heartbeat_and_queue_health
tests/unit/test_field_intelligence_launch.py::test_worker_heartbeat_and_queue_health
tests/unit/test_field_intelligence_launch.py::test_worker_drain_records_heartbeat
  /home/runner/work/lamine.github.io/lamine.github.io/agroai_api/app/services/field_intelligence_worker.py:64: DeprecationWarning: datetime.datetime.utcnow() is deprecated and scheduled for removal in a future version. Use timezone-aware objects to represent datetimes in UTC: datetime.datetime.now(datetime.UTC).
    cutoff = datetime.utcnow() - stale_after

tests/unit/test_field_intelligence_launch.py::test_general_activation_requires_alignment_in_production
tests/unit/test_field_intelligence_launch.py::test_admin_surface_requires_platform_admin
tests/unit/test_field_intelligence_launch.py::test_admin_surface_requires_platform_admin
tests/unit/test_field_intelligence_launch.py::test_admin_surface_requires_platform_admin
tests/unit/test_field_intelligence_launch.py::test_admin_surface_requires_platform_admin
tests/unit/test_field_intelligence_launch.py::test_admin_surface_reachable_while_feature_disabled
  /home/runner/work/lamine.github.io/lamine.github.io/agroai_api/app/services/field_release_proof.py:30: DeprecationWarning: datetime.datetime.utcnow() is deprecated and scheduled for removal in a future version. Use timezone-aware objects to represent datetimes in UTC: datetime.datetime.now(datetime.UTC).
    cutoff = datetime.utcnow() - timedelta(seconds=ttl)

tests/unit/test_field_intelligence_launch.py::test_admin_surface_requires_platform_admin
  /home/runner/work/lamine.github.io/lamine.github.io/agroai_api/app/api/v1/field_intelligence_admin.py:140: DeprecationWarning: datetime.datetime.utcnow() is deprecated and scheduled for removal in a future version. Use timezone-aware objects to represent datetimes in UTC: datetime.datetime.now(datetime.UTC).
    stale_cutoff = datetime.utcnow() - timedelta(

tests/unit/test_field_intelligence_launch.py::test_admin_surface_requires_platform_admin
tests/unit/test_field_intelligence_launch.py::test_worker_heartbeat_and_queue_health
  /home/runner/work/lamine.github.io/lamine.github.io/agroai_api/app/services/field_intelligence_worker.py:93: DeprecationWarning: datetime.datetime.utcnow() is deprecated and scheduled for removal in a future version. Use timezone-aware objects to represent datetimes in UTC: datetime.datetime.now(datetime.UTC).
    cutoff = datetime.utcnow() - timedelta(seconds=ttl)

tests/unit/test_field_intelligence_launch.py::test_worker_drain_records_heartbeat
tests/unit/test_field_intelligence_launch.py::test_correlation_reports_expanded_context
tests/unit/test_field_intelligence_launch.py::test_correlation_reports_expanded_context
tests/unit/test_field_intelligence_launch.py::test_correlation_reports_expanded_context
tests/unit/test_field_intelligence_launch.py::test_pipeline_honors_model_extraction_entitlement
tests/unit/test_field_intelligence_launch.py::test_pipeline_honors_model_extraction_entitlement
tests/unit/test_field_intelligence_launch.py::test_pipeline_honors_model_extraction_entitlement
  /home/runner/work/lamine.github.io/lamine.github.io/agroai_api/app/services/field_intelligence.py:829: DeprecationWarning: datetime.datetime.utcnow() is deprecated and scheduled for removal in a future version. Use timezone-aware objects to represent datetimes in UTC: datetime.datetime.now(datetime.UTC).
    now = datetime.utcnow()

tests/unit/test_field_intelligence_launch.py::test_correlation_reports_expanded_context
tests/unit/test_field_intelligence_launch.py::test_pipeline_honors_model_extraction_entitlement
  /home/runner/work/lamine.github.io/lamine.github.io/agroai_api/app/services/field_intelligence.py:600: DeprecationWarning: datetime.datetime.utcnow() is deprecated and scheduled for removal in a future version. Use timezone-aware objects to represent datetimes in UTC: datetime.datetime.now(datetime.UTC).
    observed_at=datetime.utcnow(),

tests/unit/test_field_intelligence_launch.py: 10 warnings
  /home/runner/work/lamine.github.io/lamine.github.io/agroai_api/app/services/field_intelligence.py:378: DeprecationWarning: datetime.datetime.utcnow() is deprecated and scheduled for removal in a future version. Use timezone-aware objects to represent datetimes in UTC: datetime.datetime.now(datetime.UTC).
    now = datetime.utcnow()

tests/unit/test_field_intelligence_launch.py::test_correlation_reports_expanded_context
tests/unit/test_field_intelligence_launch.py::test_pipeline_honors_model_extraction_entitlement
  /home/runner/work/lamine.github.io/lamine.github.io/agroai_api/app/services/field_intelligence.py:654: DeprecationWarning: datetime.datetime.utcnow() is deprecated and scheduled for removal in a future version. Use timezone-aware objects to represent datetimes in UTC: datetime.datetime.now(datetime.UTC).
    next_attempt_at=datetime.utcnow(),

tests/unit/test_field_intelligence_launch.py::test_correlation_reports_expanded_context
tests/unit/test_field_intelligence_launch.py::test_pipeline_honors_model_extraction_entitlement
  /home/runner/work/lamine.github.io/lamine.github.io/agroai_api/app/services/field_intelligence.py:800: DeprecationWarning: datetime.datetime.utcnow() is deprecated and scheduled for removal in a future version. Use timezone-aware objects to represent datetimes in UTC: datetime.datetime.now(datetime.UTC).
    now = datetime.utcnow()

tests/unit/test_field_intelligence_launch.py::test_correlation_reports_expanded_context
tests/unit/test_field_intelligence_launch.py::test_correlation_reports_expanded_context
tests/unit/test_field_intelligence_launch.py::test_correlation_reports_expanded_context
tests/unit/test_field_intelligence_launch.py::test_correlation_reports_expanded_context
tests/unit/test_field_intelligence_launch.py::test_pipeline_honors_model_extraction_entitlement
tests/unit/test_field_intelligence_launch.py::test_pipeline_honors_model_extraction_entitlement
tests/unit/test_field_intelligence_launch.py::test_pipeline_honors_model_extraction_entitlement
tests/unit/test_field_intelligence_launch.py::test_pipeline_honors_model_extraction_entitlement
  /home/runner/work/lamine.github.io/lamine.github.io/agroai_api/app/services/field_intelligence.py:729: DeprecationWarning: datetime.datetime.utcnow() is deprecated and scheduled for removal in a future version. Use timezone-aware objects to represent datetimes in UTC: datetime.datetime.now(datetime.UTC).
    now = datetime.utcnow()

tests/unit/test_field_intelligence_launch.py::test_correlation_reports_expanded_context
tests/unit/test_field_intelligence_launch.py::test_correlation_reports_expanded_context
tests/unit/test_field_intelligence_launch.py::test_correlation_reports_expanded_context
tests/unit/test_field_intelligence_launch.py::test_pipeline_honors_model_extraction_entitlement
tests/unit/test_field_intelligence_launch.py::test_pipeline_honors_model_extraction_entitlement
tests/unit/test_field_intelligence_launch.py::test_pipeline_honors_model_extraction_entitlement
  /home/runner/work/lamine.github.io/lamine.github.io/agroai_api/app/services/field_intelligence.py:443: DeprecationWarning: datetime.datetime.utcnow() is deprecated and scheduled for removal in a future version. Use timezone-aware objects to represent datetimes in UTC: datetime.datetime.now(datetime.UTC).
    completed_at=datetime.utcnow(),

tests/unit/test_field_intelligence_launch.py::test_correlation_reports_expanded_context
tests/unit/test_field_intelligence_launch.py::test_pipeline_honors_model_extraction_entitlement
  /home/runner/work/lamine.github.io/lamine.github.io/agroai_api/app/services/field_intelligence.py:1135: DeprecationWarning: datetime.datetime.utcnow() is deprecated and scheduled for removal in a future version. Use timezone-aware objects to represent datetimes in UTC: datetime.datetime.now(datetime.UTC).
    record.source_updated_at = datetime.utcnow()

tests/unit/test_field_intelligence_launch.py::test_correlation_reports_expanded_context
tests/unit/test_field_intelligence_launch.py::test_pipeline_honors_model_extraction_entitlement
  /home/runner/work/lamine.github.io/lamine.github.io/agroai_api/app/services/field_intelligence.py:1091: DeprecationWarning: datetime.datetime.utcnow() is deprecated and scheduled for removal in a future version. Use timezone-aware objects to represent datetimes in UTC: datetime.datetime.now(datetime.UTC).
    session.completed_at = datetime.utcnow()

tests/unit/test_field_intelligence_launch.py::test_correlation_reports_expanded_context
tests/unit/test_field_intelligence_launch.py::test_pipeline_honors_model_extraction_entitlement
  /home/runner/work/lamine.github.io/lamine.github.io/agroai_api/app/services/field_intelligence.py:852: DeprecationWarning: datetime.datetime.utcnow() is deprecated and scheduled for removal in a future version. Use timezone-aware objects to represent datetimes in UTC: datetime.datetime.now(datetime.UTC).
    job.completed_at = datetime.utcnow()

tests/unit/test_field_intelligence_launch.py::test_free_plan_voice_note_monthly_quota
tests/unit/test_field_intelligence_launch.py::test_free_plan_voice_note_monthly_quota
tests/unit/test_field_intelligence_launch.py::test_free_plan_voice_note_monthly_quota
tests/unit/test_field_intelligence_launch.py::test_free_plan_voice_note_monthly_quota
tests/unit/test_field_intelligence_launch.py::test_free_plan_voice_note_monthly_quota
tests/unit/test_field_intelligence_launch.py::test_free_plan_voice_note_monthly_quota
tests/unit/test_field_intelligence_launch.py::test_free_plan_voice_note_monthly_quota
tests/unit/test_field_intelligence_launch.py::test_free_plan_voice_note_monthly_quota
tests/unit/test_field_intelligence_launch.py::test_free_plan_voice_note_monthly_quota
  /home/runner/work/lamine.github.io/lamine.github.io/agroai_api/app/services/quota.py:32: DeprecationWarning: datetime.datetime.utcnow() is deprecated and scheduled for removal in a future version. Use timezone-aware objects to represent datetimes in UTC: datetime.datetime.now(datetime.UTC).
    moment = now or datetime.utcnow()

tests/unit/test_field_intelligence_launch.py::test_free_plan_voice_note_monthly_quota
tests/unit/test_field_intelligence_launch.py::test_free_plan_voice_note_monthly_quota
  /home/runner/work/lamine.github.io/lamine.github.io/agroai_api/app/services/quota.py:230: DeprecationWarning: datetime.datetime.utcnow() is deprecated and scheduled for removal in a future version. Use timezone-aware objects to represent datetimes in UTC: datetime.datetime.now(datetime.UTC).
    reservation.committed_at = datetime.utcnow()

-- Docs: https://docs.pytest.org/en/stable/how-to/capture-warnings.html
================= 68 passed, 371 warnings in 70.01s (0:01:10) ==================
[feature/field-intelligence-launch ead93b43] Merge current main and rebase Field Intelligence launch onto Platform API operations
To https://github.com/Lamine-art-png/lamine.github.io
 ! [remote rejected]   HEAD -> feature/field-intelligence-launch (refusing to allow a GitHub App to create or update workflow `.github/workflows/ci.yml` without `workflows` permission)
error: failed to push some refs to 'https://github.com/Lamine-art-png/lamine.github.io'
From https://github.com/Lamine-art-png/lamine.github.io
 * branch              integration/field-intelligence-resolved-v2 -> FETCH_HEAD
Switched to a new branch 'integration/field-intelligence-resolved-v2'
branch 'integration/field-intelligence-resolved-v2' set up to track 'origin/integration/field-intelligence-resolved-v2'.
